<?xml version="1.0" encoding="UTF-8"?>
<!-- Generated by org.testng.reporters.JUnitReportReporter -->
<testsuite skipped="0" hostname="Vineeths-MacBook-Air.local" name="quickLearn.TestCaseThree" tests="2" failures="0" timestamp="06 Jul 2019 01:36:14 GMT" time="31.616" errors="0">
  <testcase name="multipleRun" time="14.571" classname="quickLearn.TestCaseThree"/>
  <testcase name="multipleRun" time="17.045" classname="quickLearn.TestCaseThree"/>
</testsuite> <!-- quickLearn.TestCaseThree -->
