<?xml version="1.0" encoding="UTF-8"?>
<!-- Generated by org.testng.reporters.JUnitReportReporter -->
<testsuite skipped="0" hostname="Vineeths-MacBook-Air.local" name="quickLearn.TestCaseFourAssertion" tests="1" failures="0" timestamp="06 Jul 2019 01:36:14 GMT" time="9.154" errors="0">
  <testcase name="assertValidations" time="9.154" classname="quickLearn.TestCaseFourAssertion"/>
</testsuite> <!-- quickLearn.TestCaseFourAssertion -->
