<?xml version="1.0" encoding="UTF-8"?>
<!-- Generated by org.testng.reporters.JUnitReportReporter -->
<testsuite skipped="0" hostname="Vineeths-MacBook-Air.local" name="quickLearn.TestCaseOne" tests="1" failures="0" timestamp="06 Jul 2019 02:22:37 GMT" time="10.800" errors="0">
  <testcase name="launchUrl" time="10.800" classname="quickLearn.TestCaseOne"/>
</testsuite> <!-- quickLearn.TestCaseOne -->
